Running in Lattice mode


Starting:    C:\lscc\iCEcube2.2020.12\synpbase\bin64\mbin\synbatch.exe
Install:     C:\lscc\iCEcube2.2020.12\synpbase
Hostname:    DESKTOP-9A8BP8A
Date:        Tue Feb 06 12:35:42 2024
Version:     L-2016.09L+ice40

Arguments:   -product synplify_pro -batch Lab3Faktning_syn.prj
ProductType: synplify_pro





log file: "C:\lscc\iCEcube2.2020.12\sbt_backend\Projects\faktningvhdl\Lab3Faktning\Lab3Faktning_Implmnt\Lab3Faktning.srr"
Running: Lab3Faktning_Implmnt in foreground

Running Lab3Faktning_syn|Lab3Faktning_Implmnt

Running: compile (Compile) on Lab3Faktning_syn|Lab3Faktning_Implmnt
# Tue Feb 06 12:35:43 2024

Running: compile_flow (Compile Process) on Lab3Faktning_syn|Lab3Faktning_Implmnt
# Tue Feb 06 12:35:43 2024

Running: compiler (Compile Input) on Lab3Faktning_syn|Lab3Faktning_Implmnt
# Tue Feb 06 12:35:43 2024
Copied C:\lscc\iCEcube2.2020.12\sbt_backend\Projects\faktningvhdl\Lab3Faktning\Lab3Faktning_Implmnt\synwork\Lab3Faktning_comp.srs to C:\lscc\iCEcube2.2020.12\sbt_backend\Projects\faktningvhdl\Lab3Faktning\Lab3Faktning_Implmnt\Lab3Faktning.srs

compiler completed
# Tue Feb 06 12:35:46 2024

Return Code: 0
Run Time:00h:00m:03s

Running: multi_srs_gen (Multi-srs Generator) on Lab3Faktning_syn|Lab3Faktning_Implmnt
# Tue Feb 06 12:35:46 2024

multi_srs_gen completed
# Tue Feb 06 12:35:47 2024

Return Code: 0
Run Time:00h:00m:01s
Copied C:\lscc\iCEcube2.2020.12\sbt_backend\Projects\faktningvhdl\Lab3Faktning\Lab3Faktning_Implmnt\synwork\Lab3Faktning_mult.srs to C:\lscc\iCEcube2.2020.12\sbt_backend\Projects\faktningvhdl\Lab3Faktning\Lab3Faktning_Implmnt\Lab3Faktning.srs
Complete: Compile Process on Lab3Faktning_syn|Lab3Faktning_Implmnt

Running: premap (Pre-mapping) on Lab3Faktning_syn|Lab3Faktning_Implmnt
# Tue Feb 06 12:35:47 2024

premap completed with warnings
# Tue Feb 06 12:35:49 2024

Return Code: 1
Run Time:00h:00m:02s
Complete: Compile on Lab3Faktning_syn|Lab3Faktning_Implmnt

Running: map (Map) on Lab3Faktning_syn|Lab3Faktning_Implmnt
# Tue Feb 06 12:35:49 2024
License granted for 4 parallel jobs

Running: fpga_mapper (Map & Optimize) on Lab3Faktning_syn|Lab3Faktning_Implmnt
# Tue Feb 06 12:35:49 2024
Copied C:\lscc\iCEcube2.2020.12\sbt_backend\Projects\faktningvhdl\Lab3Faktning\Lab3Faktning_Implmnt\synwork\Lab3Faktning_m.srm to C:\lscc\iCEcube2.2020.12\sbt_backend\Projects\faktningvhdl\Lab3Faktning\Lab3Faktning_Implmnt\Lab3Faktning.srm

fpga_mapper completed with warnings
# Tue Feb 06 12:35:52 2024

Return Code: 1
Run Time:00h:00m:03s
Complete: Map on Lab3Faktning_syn|Lab3Faktning_Implmnt
Complete: Logic Synthesis on Lab3Faktning_syn|Lab3Faktning_Implmnt

exit status=0

exit status=0

